<?xml version="1.0" encoding="UTF-8"?>
<robot generator="Robot 7.2.2 (Python 3.13.2 on win32)" generated="2025-05-22T16:53:36.038057" rpa="false" schemaversion="5">
<suite id="s1" name="Player" source="C:\Users\Winter\Documents\RobotFrameworkPlaywright\project\parodify-robot\player.robot">
<test id="s1-t1" name="Deve tocar uma música" line="9">
<kw name="Start session" type="SETUP">
<kw name="New Browser" owner="Browser">
<msg time="2025-05-22T16:53:37.334139" level="INFO">{"browser": "chromium", "headless": false, "chromiumSandbox": false, "devtools": false, "handleSIGHUP": true, "handleSIGINT": true, "handleSIGTERM": true, "slowMo": 0.0, "timeout": 30000.0, "tracesDir": "C:\\Users\\Winter\\Documents\\RobotFrameworkPlaywright\\project\\parodify-robot\\logs\\browser\\traces\\temp\\48d88f96-5e41-41fc-b693-dfbc6734f9a6"}</msg>
<msg time="2025-05-22T16:53:37.531495" level="INFO">Successfully created browser with options: {"browser":"chromium","headless":false,"chromiumSandbox":false,"devtools":false,"handleSIGHUP":true,"handleSIGINT":true,"handleSIGTERM":true,"slowMo":0,"timeout":30000,"tracesDir":"C:\\Users\\Winter\\Documents\\RobotFrameworkPlaywright\\project\\parodify-robot\\logs\\browser\\traces\\temp\\48d88f96-5e41-41fc-b693-dfbc6734f9a6"}</msg>
<arg>browser=chromium</arg>
<arg>headless=False</arg>
<tag>BrowserControl</tag>
<tag>Setter</tag>
<doc>Create a new playwright Browser with specified options.</doc>
<status status="PASS" start="2025-05-22T16:53:37.333426" elapsed="0.198399"/>
</kw>
<kw name="New Page" owner="Browser">
<msg time="2025-05-22T16:53:37.766765" level="INFO">Successfully initialized new page object and opened url: about:blank</msg>
<msg time="2025-05-22T16:53:37.766840" level="INFO">No context was open. New context was automatically opened when this page is created.</msg>
<arg>about:blank</arg>
<tag>BrowserControl</tag>
<tag>Setter</tag>
<doc>Open a new Page.</doc>
<status status="PASS" start="2025-05-22T16:53:37.532197" elapsed="0.234783"/>
</kw>
<status status="PASS" start="2025-05-22T16:53:37.332710" elapsed="0.434404"/>
</kw>
<kw name="Set Variable" owner="BuiltIn">
<msg time="2025-05-22T16:53:37.767762" level="INFO">${song_name} = Smells Like Test Script</msg>
<var>${song_name}</var>
<arg>Smells Like Test Script</arg>
<doc>Returns the given values which can then be assigned to a variables.</doc>
<status status="PASS" start="2025-05-22T16:53:37.767419" elapsed="0.000375"/>
</kw>
<kw name="Mock My Song" owner="Browser">
<msg time="2025-05-22T16:53:37.774017" level="INFO">ok</msg>
<doc>TODO: Add rfdoc string to exposed function to create documentation</doc>
<status status="PASS" start="2025-05-22T16:53:37.768005" elapsed="0.006717"/>
</kw>
<kw name="Go To" owner="Browser">
<msg time="2025-05-22T16:53:39.204124" level="INFO">Successfully opened URL https://parodify.vercel.app</msg>
<arg>https://parodify.vercel.app</arg>
<tag>BrowserControl</tag>
<tag>Setter</tag>
<doc>Navigates to the given ``url``.</doc>
<status status="PASS" start="2025-05-22T16:53:37.775074" elapsed="1.429255"/>
</kw>
<kw name="Get Text" owner="Browser">
<msg time="2025-05-22T16:53:39.254782" level="INFO">Text: 'Fernando Papito'</msg>
<arg>css=.logged-user</arg>
<arg>contains</arg>
<arg>Fernando Papito</arg>
<tag>Assertion</tag>
<tag>Getter</tag>
<tag>PageContent</tag>
<doc>Returns text attribute of the element found by ``selector``.</doc>
<status status="PASS" start="2025-05-22T16:53:39.204709" elapsed="0.050205"/>
</kw>
<kw name="Get play button">
<kw name="Set Variable" owner="BuiltIn">
<msg time="2025-05-22T16:53:39.256401" level="INFO">${play} = xpath=//div[contains (@class, "song")]//h6[text()="Smells Like Test Script"]/..//button[contains(@class,"play")]</msg>
<var>${play}</var>
<arg>xpath=//div[contains (@class, "song")]//h6[text()="${song_name}"]/..//button[contains(@class,"play")]</arg>
<doc>Returns the given values which can then be assigned to a variables.</doc>
<status status="PASS" start="2025-05-22T16:53:39.255982" elapsed="0.000467"/>
</kw>
<return>
<value>${play}</value>
<status status="PASS" start="2025-05-22T16:53:39.256565" elapsed="0.000187"/>
</return>
<msg time="2025-05-22T16:53:39.256965" level="INFO">${play} = xpath=//div[contains (@class, "song")]//h6[text()="Smells Like Test Script"]/..//button[contains(@class,"play")]</msg>
<var>${play}</var>
<arg>${song_name}</arg>
<status status="PASS" start="2025-05-22T16:53:39.255362" elapsed="0.001644"/>
</kw>
<kw name="Get pause button">
<kw name="Set Variable" owner="BuiltIn">
<msg time="2025-05-22T16:53:39.259394" level="INFO">${pause} = xpath=//div[contains (@class, "song")]//h6[text()="Smells Like Test Script"]/..//button[contains(@class,"pause")]</msg>
<var>${pause}</var>
<arg>xpath=//div[contains (@class, "song")]//h6[text()="${song_name}"]/..//button[contains(@class,"pause")]</arg>
<doc>Returns the given values which can then be assigned to a variables.</doc>
<status status="PASS" start="2025-05-22T16:53:39.259009" elapsed="0.000429"/>
</kw>
<return>
<value>${pause}</value>
<status status="PASS" start="2025-05-22T16:53:39.259512" elapsed="0.000152"/>
</return>
<msg time="2025-05-22T16:53:39.259839" level="INFO">${pause} = xpath=//div[contains (@class, "song")]//h6[text()="Smells Like Test Script"]/..//button[contains(@class,"pause")]</msg>
<var>${pause}</var>
<arg>${song_name}</arg>
<status status="PASS" start="2025-05-22T16:53:39.257293" elapsed="0.002595"/>
</kw>
<kw name="Click" owner="Browser">
<msg time="2025-05-22T16:53:39.260618" level="INFO">Clicks the element 'xpath=//div[contains (@class, "song")]//h6[text()="Smells Like Test Script"]/..//button[contains(@class,"play")]'.</msg>
<arg>${play}</arg>
<tag>PageContent</tag>
<tag>Setter</tag>
<doc>Simulates mouse click on the element found by ``selector``.</doc>
<status status="PASS" start="2025-05-22T16:53:39.260133" elapsed="0.032722"/>
</kw>
<kw name="Wait For Elements State" owner="Browser">
<msg time="2025-05-22T16:53:39.394927" level="INFO">Waited for Element with selector xpath=//div[contains (@class, "song")]//h6[text()="Smells Like Test Script"]/..//button[contains(@class,"pause")] at state visible</msg>
<arg>${pause}</arg>
<arg>visible</arg>
<arg>2</arg>
<tag>PageContent</tag>
<tag>Wait</tag>
<doc>Waits for the element found by ``selector`` to satisfy state option.</doc>
<status status="PASS" start="2025-05-22T16:53:39.293357" elapsed="0.101871"/>
</kw>
<kw name="Wait For Elements State" owner="Browser">
<msg time="2025-05-22T16:53:44.309928" level="INFO">Waited for Element with selector xpath=//div[contains (@class, "song")]//h6[text()="Smells Like Test Script"]/..//button[contains(@class,"play")] at state visible</msg>
<arg>${play}</arg>
<arg>visible</arg>
<arg>7</arg>
<tag>PageContent</tag>
<tag>Wait</tag>
<doc>Waits for the element found by ``selector`` to satisfy state option.</doc>
<status status="PASS" start="2025-05-22T16:53:39.395845" elapsed="4.914248"/>
</kw>
<kw name="Finish session" type="TEARDOWN">
<kw name="Take Screenshot" owner="Browser">
<msg time="2025-05-22T16:53:44.405504" level="INFO" html="true">&lt;/td&gt;&lt;/tr&gt;&lt;tr&gt;&lt;td colspan="3"&gt;&lt;a href="browser/screenshot/robotframework-browser-screenshot-1.png" target="_blank"&gt;&lt;img src="browser/screenshot/robotframework-browser-screenshot-1.png" width="800px"/&gt;&lt;/a&gt;</msg>
<tag>PageContent</tag>
<doc>Takes a screenshot of the current window or element and saves it to disk.</doc>
<status status="PASS" start="2025-05-22T16:53:44.310972" elapsed="0.094831"/>
</kw>
<status status="PASS" start="2025-05-22T16:53:44.310506" elapsed="0.095494"/>
</kw>
<msg time="2025-05-22T16:53:44.419255" level="INFO">Switching context to context=1cad1434-0fe8-4ab7-8828-8e3b540cd49f in CURRENT</msg>
<msg time="2025-05-22T16:53:44.425189" level="INFO">Successfully changed active context: context=1cad1434-0fe8-4ab7-8828-8e3b540cd49f</msg>
<msg time="2025-05-22T16:53:44.476985" level="INFO">Successfully closed Context</msg>
<status status="PASS" start="2025-05-22T16:53:37.330044" elapsed="7.076181"/>
</test>
<status status="PASS" start="2025-05-22T16:53:36.039381" elapsed="8.438465"/>
</suite>
<statistics>
<total>
<stat pass="1" fail="0" skip="0">All Tests</stat>
</total>
<tag>
</tag>
<suite>
<stat name="Player" id="s1" pass="1" fail="0" skip="0">Player</stat>
</suite>
</statistics>
<errors>
</errors>
</robot>
